<?xml version="1.0" encoding="UTF-8"?>
<testng-results skipped="0" failed="0" ignored="1" total="2" passed="1">
  <reporter-output>
  </reporter-output>
  <suite name="Default suite" duration-ms="16119" started-at="2020-05-25T08:17:29 IST" finished-at="2020-05-25T08:17:45 IST">
    <groups>
    </groups>
    <test name="Default test" duration-ms="16119" started-at="2020-05-25T08:17:29 IST" finished-at="2020-05-25T08:17:45 IST">
      <class name="test_Cases.Gnrl">
        <test-method status="PASS" signature="beforeClass()[pri:0, instance:test_Cases.Gnrl@64729b1e]" name="beforeClass" is-config="true" duration-ms="4875" started-at="2020-05-25T08:17:29 IST" finished-at="2020-05-25T08:17:34 IST">
          <reporter-output>
          </reporter-output>
        </test-method> <!-- beforeClass -->
        <test-method status="PASS" signature="click_1_Stop()[pri:0, instance:test_Cases.Gnrl@64729b1e]" name="click_1_Stop" duration-ms="11155" started-at="2020-05-25T08:17:34 IST" finished-at="2020-05-25T08:17:45 IST">
          <reporter-output>
          </reporter-output>
        </test-method> <!-- click_1_Stop -->
        <test-method status="PASS" signature="beforeMethod()[pri:0, instance:test_Cases.Gnrl@64729b1e]" name="beforeMethod" is-config="true" duration-ms="0" started-at="2020-05-25T08:17:34 IST" finished-at="2020-05-25T08:17:34 IST">
          <reporter-output>
          </reporter-output>
        </test-method> <!-- beforeMethod -->
        <test-method status="PASS" signature="afterMethod()[pri:0, instance:test_Cases.Gnrl@64729b1e]" name="afterMethod" is-config="true" duration-ms="1" started-at="2020-05-25T08:17:45 IST" finished-at="2020-05-25T08:17:45 IST">
          <reporter-output>
          </reporter-output>
        </test-method> <!-- afterMethod -->
        <test-method status="PASS" signature="afterClass()[pri:0, instance:test_Cases.Gnrl@64729b1e]" name="afterClass" is-config="true" duration-ms="0" started-at="2020-05-25T08:17:45 IST" finished-at="2020-05-25T08:17:45 IST">
          <reporter-output>
          </reporter-output>
        </test-method> <!-- afterClass -->
      </class> <!-- test_Cases.Gnrl -->
    </test> <!-- Default test -->
  </suite> <!-- Default suite -->
</testng-results>
